Arguments: 
  /Users/nominbatsaikhan/.nvm/versions/node/v14.15.0/bin/node /Users/nominbatsaikhan/.nvm/versions/node/v14.15.0/bin/yarn install

PATH: 
  ./bin:./node_modules/.bin:/Users/nominbatsaikhan/.nvm/versions/node/v14.15.0/bin:/Users/nominbatsaikhan/.pyenv/bin:/Users/nominbatsaikhan/.rbenv/shims:/Users/nominbatsaikhan/.rbenv/bin:/usr/local/bin:/usr/bin:/bin:/usr/sbin:/sbin:/usr/local/sbin

Yarn version: 
  1.22.11

Node version: 
  14.15.0

Platform: 
  darwin x64

Trace: 
  SyntaxError: /Users/nominbatsaikhan/Desktop/react-giphy/workshop/package.json: Unexpected token } in JSON at position 1031
      at JSON.parse (<anonymous>)
      at /Users/nominbatsaikhan/.nvm/versions/node/v14.15.0/lib/node_modules/yarn/lib/cli.js:1625:59
      at Generator.next (<anonymous>)
      at step (/Users/nominbatsaikhan/.nvm/versions/node/v14.15.0/lib/node_modules/yarn/lib/cli.js:310:30)
      at /Users/nominbatsaikhan/.nvm/versions/node/v14.15.0/lib/node_modules/yarn/lib/cli.js:321:13

npm manifest: 
  {
    "license": "UNLICENSED",
    "devDependencies": {
      "@babel/cli": "^7.1.5",
      "@babel/core": "^7.1.6",
      "@babel/preset-env": "^7.1.6",
      "@babel/preset-react": "^7.0.0",
      "@webpack-cli/init": "^1.1.3",
      "@webpack-cli/serve": "^1.3.0",
      "babel-eslint": "^10.0.1",
      "babel-loader": "^8.0.4",
      "babel-plugin-transform-class-properties": "^6.24.1",
      "babel-preset-es2015": "^6.24.1",
      "babel-preset-react": "^6.24.1",
      "css-loader": "^5.1.3",
      "eslint": "^7.22.0",
      "eslint-config-airbnb": "^18.2.1",
      "eslint-plugin-import": "^2.14.0",
      "eslint-plugin-jsx-a11y": "^6.1.2",
      "eslint-plugin-react": "^7.11.1",
      "gh-pages": "^3.1.0",
      "html-loader": "^2.1.2",
      "html-webpack-plugin": "^5.3.1",
      "node-sass": "^5.0.0",
      "sass-loader": "^11.0.1",
      "style-loader": "^2.0.0",
      "webpack": "^5.52.0",
      "webpack-cli": "^4.5.0",
      "webpack-dev-server": "^3.1.11"
    },
    "dependencies": {
      "giphy-api": "^2.0.1",
      "react": "17.0.1",
      "react-dom": ">=16.2.1",
    },
    "scripts": {
      "start": "webpack-cli serve --mode development",
      "lint": "eslint './src/**/*.js*'",
      "create-gh-pages": "git branch gh-pages -f && git push origin gh-pages -f && gh-pages -d dist && gh repo view -w",
      "deploy": "webpack && yarn create-gh-pages"
    }
  }

yarn manifest: 
  No manifest

Lockfile: 
  No lockfile
